This file contains any messages produced by compilers while
running configure, to aid debugging if configure makes a mistake.

It was created by mypdfsearch configure 2.5.8, which was
generated by GNU Autoconf 2.69.  Invocation command line was

  $ ./configure 

## --------- ##
## Platform. ##
## --------- ##

hostname = vincenzo-p6-2302el
uname -m = x86_64
uname -r = 5.0.0-37-generic
uname -s = Linux
uname -v = #40~18.04.1-Ubuntu SMP Thu Nov 14 12:06:39 UTC 2019

/usr/bin/uname -p = unknown
/bin/uname -X     = unknown

/bin/arch              = unknown
/usr/bin/arch -k       = unknown
/usr/convex/getsysinfo = unknown
/usr/bin/hostinfo      = unknown
/bin/machine           = unknown
/usr/bin/oslevel       = unknown
/bin/universe          = unknown

PATH: /home/vincenzo/.local/bin
PATH: /usr/local/sbin
PATH: /usr/local/bin
PATH: /usr/sbin
PATH: /usr/bin
PATH: /sbin
PATH: /bin
PATH: /usr/games
PATH: /usr/local/games
PATH: /snap/bin


## ----------- ##
## Core tests. ##
## ----------- ##

configure:2154: checking for a BSD-compatible install
configure:2222: result: /usr/bin/install -c
configure:2233: checking whether build environment is sane
configure:2288: result: yes
configure:2439: checking for a thread-safe mkdir -p
configure:2478: result: /bin/mkdir -p
configure:2485: checking for gawk
configure:2515: result: no
configure:2485: checking for mawk
configure:2501: found /usr/bin/mawk
configure:2512: result: mawk
configure:2523: checking whether make sets $(MAKE)
configure:2545: result: yes
configure:2574: checking whether make supports nested variables
configure:2591: result: yes
configure:2718: checking whether to enable maintainer-specific portions of Makefiles
configure:2727: result: no
configure:2798: checking for gcc
configure:2814: found /usr/local/bin/gcc
configure:2825: result: gcc
configure:3054: checking for C compiler version
configure:3063: gcc --version >&5
gcc (GCC) 9.2.0
Copyright (C) 2019 Free Software Foundation, Inc.
This is free software; see the source for copying conditions.  There is NO
warranty; not even for MERCHANTABILITY or FITNESS FOR A PARTICULAR PURPOSE.

configure:3074: $? = 0
configure:3063: gcc -v >&5
Using built-in specs.
COLLECT_GCC=gcc
COLLECT_LTO_WRAPPER=/usr/local/libexec/gcc/x86_64-pc-linux-gnu/9.2.0/lto-wrapper
Target: x86_64-pc-linux-gnu
Configured with: ../gcc-9.2.0/configure --enable-shared --enable-threads=posix --enable-__cxa_atexit --enable-languages=c,c++ --enable-targets=all --disable-multilib
Thread model: posix
gcc version 9.2.0 (GCC) 
configure:3074: $? = 0
configure:3063: gcc -V >&5
gcc: error: unrecognized command line option '-V'
gcc: fatal error: no input files
compilation terminated.
configure:3074: $? = 1
configure:3063: gcc -qversion >&5
gcc: error: unrecognized command line option '-qversion'; did you mean '--version'?
gcc: fatal error: no input files
compilation terminated.
configure:3074: $? = 1
configure:3094: checking whether the C compiler works
configure:3116: gcc -Wall -W -pedantic -O3 -Wno-overlength-strings   conftest.c  >&5
configure:3120: $? = 0
configure:3168: result: yes
configure:3171: checking for C compiler default output file name
configure:3173: result: a.out
configure:3179: checking for suffix of executables
configure:3186: gcc -o conftest -Wall -W -pedantic -O3 -Wno-overlength-strings   conftest.c  >&5
configure:3190: $? = 0
configure:3212: result: 
configure:3234: checking whether we are cross compiling
configure:3242: gcc -o conftest -Wall -W -pedantic -O3 -Wno-overlength-strings   conftest.c  >&5
configure:3246: $? = 0
configure:3253: ./conftest
configure:3257: $? = 0
configure:3272: result: no
configure:3277: checking for suffix of object files
configure:3299: gcc -c -Wall -W -pedantic -O3 -Wno-overlength-strings  conftest.c >&5
configure:3303: $? = 0
configure:3324: result: o
configure:3328: checking whether we are using the GNU C compiler
configure:3347: gcc -c -Wall -W -pedantic -O3 -Wno-overlength-strings  conftest.c >&5
configure:3347: $? = 0
configure:3356: result: yes
configure:3365: checking whether gcc accepts -g
configure:3385: gcc -c -g  conftest.c >&5
configure:3385: $? = 0
configure:3426: result: yes
configure:3443: checking for gcc option to accept ISO C89
configure:3506: gcc  -c -Wall -W -pedantic -O3 -Wno-overlength-strings  conftest.c >&5
configure:3506: $? = 0
configure:3519: result: none needed
configure:3544: checking whether gcc understands -c and -o together
configure:3566: gcc -c conftest.c -o conftest2.o
configure:3569: $? = 0
configure:3566: gcc -c conftest.c -o conftest2.o
configure:3569: $? = 0
configure:3581: result: yes
configure:3609: checking for style of include used by make
configure:3637: result: GNU
configure:3663: checking dependency style of gcc
configure:3774: result: gcc3
configure:3833: checking for ranlib
configure:3849: found /usr/bin/ranlib
configure:3860: result: ranlib
configure:3887: checking for library containing inflate
configure:3918: gcc -o conftest -Wall -W -pedantic -O3 -Wno-overlength-strings   conftest.c  >&5
/tmp/ccn1F86J.o: In function `main':
conftest.c:(.text.startup+0x7): undefined reference to `inflate'
collect2: error: ld returned 1 exit status
configure:3918: $? = 1
configure: failed program was:
| /* confdefs.h */
| #define PACKAGE_NAME "mypdfsearch"
| #define PACKAGE_TARNAME "mypdfsearch"
| #define PACKAGE_VERSION "2.5.8"
| #define PACKAGE_STRING "mypdfsearch 2.5.8"
| #define PACKAGE_BUGREPORT "vincenzolocicero68@gmail.com"
| #define PACKAGE_URL ""
| #define PACKAGE "mypdfsearch"
| #define VERSION "2.5.8"
| /* end confdefs.h.  */
| 
| /* Override any GCC internal prototype to avoid an error.
|    Use char because int might match the return type of a GCC
|    builtin and then its argument prototype would still apply.  */
| #ifdef __cplusplus
| extern "C"
| #endif
| char inflate ();
| int
| main ()
| {
| return inflate ();
|   ;
|   return 0;
| }
configure:3918: gcc -o conftest -Wall -W -pedantic -O3 -Wno-overlength-strings   conftest.c -lz   >&5
configure:3918: $? = 0
configure:3935: result: -lz
configure:3943: checking for library containing ceil
configure:3974: gcc -o conftest -Wall -W -pedantic -O3 -Wno-overlength-strings   conftest.c -lz  >&5
conftest.c:18:6: warning: conflicting types for built-in function 'ceil'; expected 'double(double)' [-Wbuiltin-declaration-mismatch]
   18 | char ceil ();
      |      ^~~~
conftest.c:1:1: note: 'ceil' is declared in header '<math.h>'
    1 | /* confdefs.h */
/tmp/ccOzfXsO.o: In function `main':
conftest.c:(.text.startup+0x7): undefined reference to `ceil'
collect2: error: ld returned 1 exit status
configure:3974: $? = 1
configure: failed program was:
| /* confdefs.h */
| #define PACKAGE_NAME "mypdfsearch"
| #define PACKAGE_TARNAME "mypdfsearch"
| #define PACKAGE_VERSION "2.5.8"
| #define PACKAGE_STRING "mypdfsearch 2.5.8"
| #define PACKAGE_BUGREPORT "vincenzolocicero68@gmail.com"
| #define PACKAGE_URL ""
| #define PACKAGE "mypdfsearch"
| #define VERSION "2.5.8"
| /* end confdefs.h.  */
| 
| /* Override any GCC internal prototype to avoid an error.
|    Use char because int might match the return type of a GCC
|    builtin and then its argument prototype would still apply.  */
| #ifdef __cplusplus
| extern "C"
| #endif
| char ceil ();
| int
| main ()
| {
| return ceil ();
|   ;
|   return 0;
| }
configure:3974: gcc -o conftest -Wall -W -pedantic -O3 -Wno-overlength-strings   conftest.c -lm  -lz  >&5
conftest.c:18:6: warning: conflicting types for built-in function 'ceil'; expected 'double(double)' [-Wbuiltin-declaration-mismatch]
   18 | char ceil ();
      |      ^~~~
conftest.c:1:1: note: 'ceil' is declared in header '<math.h>'
    1 | /* confdefs.h */
configure:3974: $? = 0
configure:3991: result: -lm
configure:4007: checking how to run the C preprocessor
configure:4038: gcc -E  conftest.c
configure:4038: $? = 0
configure:4052: gcc -E  conftest.c
conftest.c:11:10: fatal error: ac_nonexistent.h: No such file or directory
   11 | #include <ac_nonexistent.h>
      |          ^~~~~~~~~~~~~~~~~~
compilation terminated.
configure:4052: $? = 1
configure: failed program was:
| /* confdefs.h */
| #define PACKAGE_NAME "mypdfsearch"
| #define PACKAGE_TARNAME "mypdfsearch"
| #define PACKAGE_VERSION "2.5.8"
| #define PACKAGE_STRING "mypdfsearch 2.5.8"
| #define PACKAGE_BUGREPORT "vincenzolocicero68@gmail.com"
| #define PACKAGE_URL ""
| #define PACKAGE "mypdfsearch"
| #define VERSION "2.5.8"
| /* end confdefs.h.  */
| #include <ac_nonexistent.h>
configure:4077: result: gcc -E
configure:4097: gcc -E  conftest.c
configure:4097: $? = 0
configure:4111: gcc -E  conftest.c
conftest.c:11:10: fatal error: ac_nonexistent.h: No such file or directory
   11 | #include <ac_nonexistent.h>
      |          ^~~~~~~~~~~~~~~~~~
compilation terminated.
configure:4111: $? = 1
configure: failed program was:
| /* confdefs.h */
| #define PACKAGE_NAME "mypdfsearch"
| #define PACKAGE_TARNAME "mypdfsearch"
| #define PACKAGE_VERSION "2.5.8"
| #define PACKAGE_STRING "mypdfsearch 2.5.8"
| #define PACKAGE_BUGREPORT "vincenzolocicero68@gmail.com"
| #define PACKAGE_URL ""
| #define PACKAGE "mypdfsearch"
| #define VERSION "2.5.8"
| /* end confdefs.h.  */
| #include <ac_nonexistent.h>
configure:4140: checking for grep that handles long lines and -e
configure:4198: result: /bin/grep
configure:4203: checking for egrep
configure:4265: result: /bin/grep -E
configure:4270: checking for ANSI C header files
configure:4290: gcc -c -Wall -W -pedantic -O3 -Wno-overlength-strings  conftest.c >&5
configure:4290: $? = 0
configure:4363: gcc -o conftest -Wall -W -pedantic -O3 -Wno-overlength-strings   conftest.c -lm -lz  >&5
configure:4363: $? = 0
configure:4363: ./conftest
configure:4363: $? = 0
configure:4374: result: yes
configure:4387: checking for sys/types.h
configure:4387: gcc -c -Wall -W -pedantic -O3 -Wno-overlength-strings  conftest.c >&5
configure:4387: $? = 0
configure:4387: result: yes
configure:4387: checking for sys/stat.h
configure:4387: gcc -c -Wall -W -pedantic -O3 -Wno-overlength-strings  conftest.c >&5
configure:4387: $? = 0
configure:4387: result: yes
configure:4387: checking for stdlib.h
configure:4387: gcc -c -Wall -W -pedantic -O3 -Wno-overlength-strings  conftest.c >&5
configure:4387: $? = 0
configure:4387: result: yes
configure:4387: checking for string.h
configure:4387: gcc -c -Wall -W -pedantic -O3 -Wno-overlength-strings  conftest.c >&5
configure:4387: $? = 0
configure:4387: result: yes
configure:4387: checking for memory.h
configure:4387: gcc -c -Wall -W -pedantic -O3 -Wno-overlength-strings  conftest.c >&5
configure:4387: $? = 0
configure:4387: result: yes
configure:4387: checking for strings.h
configure:4387: gcc -c -Wall -W -pedantic -O3 -Wno-overlength-strings  conftest.c >&5
configure:4387: $? = 0
configure:4387: result: yes
configure:4387: checking for inttypes.h
configure:4387: gcc -c -Wall -W -pedantic -O3 -Wno-overlength-strings  conftest.c >&5
configure:4387: $? = 0
configure:4387: result: yes
configure:4387: checking for stdint.h
configure:4387: gcc -c -Wall -W -pedantic -O3 -Wno-overlength-strings  conftest.c >&5
configure:4387: $? = 0
configure:4387: result: yes
configure:4387: checking for unistd.h
configure:4387: gcc -c -Wall -W -pedantic -O3 -Wno-overlength-strings  conftest.c >&5
configure:4387: $? = 0
configure:4387: result: yes
configure:4401: checking for stdlib.h
configure:4401: result: yes
configure:4525: checking that generated files are newer than configure
configure:4531: result: done
configure:4558: creating ./config.status

## ---------------------- ##
## Running config.status. ##
## ---------------------- ##

This file was extended by mypdfsearch config.status 2.5.8, which was
generated by GNU Autoconf 2.69.  Invocation command line was

  CONFIG_FILES    = 
  CONFIG_HEADERS  = 
  CONFIG_LINKS    = 
  CONFIG_COMMANDS = 
  $ ./config.status 

on vincenzo-p6-2302el

config.status:859: creating Makefile
config.status:859: creating src/Makefile
config.status:859: creating config.h
config.status:1088: executing depfiles commands

## ---------------- ##
## Cache variables. ##
## ---------------- ##

ac_cv_c_compiler_gnu=yes
ac_cv_env_CC_set=
ac_cv_env_CC_value=
ac_cv_env_CFLAGS_set=
ac_cv_env_CFLAGS_value=
ac_cv_env_CPPFLAGS_set=
ac_cv_env_CPPFLAGS_value=
ac_cv_env_CPP_set=
ac_cv_env_CPP_value=
ac_cv_env_LDFLAGS_set=
ac_cv_env_LDFLAGS_value=
ac_cv_env_LIBS_set=
ac_cv_env_LIBS_value=
ac_cv_env_build_alias_set=
ac_cv_env_build_alias_value=
ac_cv_env_host_alias_set=
ac_cv_env_host_alias_value=
ac_cv_env_target_alias_set=
ac_cv_env_target_alias_value=
ac_cv_header_inttypes_h=yes
ac_cv_header_memory_h=yes
ac_cv_header_stdc=yes
ac_cv_header_stdint_h=yes
ac_cv_header_stdlib_h=yes
ac_cv_header_string_h=yes
ac_cv_header_strings_h=yes
ac_cv_header_sys_stat_h=yes
ac_cv_header_sys_types_h=yes
ac_cv_header_unistd_h=yes
ac_cv_objext=o
ac_cv_path_EGREP='/bin/grep -E'
ac_cv_path_GREP=/bin/grep
ac_cv_path_install='/usr/bin/install -c'
ac_cv_path_mkdir=/bin/mkdir
ac_cv_prog_AWK=mawk
ac_cv_prog_CPP='gcc -E'
ac_cv_prog_ac_ct_CC=gcc
ac_cv_prog_ac_ct_RANLIB=ranlib
ac_cv_prog_cc_c89=
ac_cv_prog_cc_g=yes
ac_cv_prog_make_make_set=yes
ac_cv_search_ceil=-lm
ac_cv_search_inflate=-lz
am_cv_CC_dependencies_compiler_type=gcc3
am_cv_make_support_nested_variables=yes
am_cv_prog_cc_c_o=yes

## ----------------- ##
## Output variables. ##
## ----------------- ##

ACLOCAL='${SHELL} /home/vincenzo/MyJob/GitProjects/mypdfsearch/build-aux/missing aclocal-1.15'
AMDEPBACKSLASH='\'
AMDEP_FALSE='#'
AMDEP_TRUE=''
AMTAR='$${TAR-tar}'
AM_BACKSLASH='\'
AM_DEFAULT_V='$(AM_DEFAULT_VERBOSITY)'
AM_DEFAULT_VERBOSITY='1'
AM_V='$(V)'
AUTOCONF='${SHELL} /home/vincenzo/MyJob/GitProjects/mypdfsearch/build-aux/missing autoconf'
AUTOHEADER='${SHELL} /home/vincenzo/MyJob/GitProjects/mypdfsearch/build-aux/missing autoheader'
AUTOMAKE='${SHELL} /home/vincenzo/MyJob/GitProjects/mypdfsearch/build-aux/missing automake-1.15'
AWK='mawk'
CC='gcc'
CCDEPMODE='depmode=gcc3'
CFLAGS='-Wall -W -pedantic -O3 -Wno-overlength-strings'
CPP='gcc -E'
CPPFLAGS=''
CYGPATH_W='echo'
DEFS='-DHAVE_CONFIG_H'
DEPDIR='.deps'
ECHO_C=''
ECHO_N='-n'
ECHO_T=''
EGREP='/bin/grep -E'
EXEEXT=''
GREP='/bin/grep'
INSTALL_DATA='${INSTALL} -m 644'
INSTALL_PROGRAM='${INSTALL}'
INSTALL_SCRIPT='${INSTALL}'
INSTALL_STRIP_PROGRAM='$(install_sh) -c -s'
LDFLAGS=''
LIBOBJS=''
LIBS='-lm -lz '
LTLIBOBJS=''
MAINT='#'
MAINTAINER_MODE_FALSE=''
MAINTAINER_MODE_TRUE='#'
MAKEINFO='${SHELL} /home/vincenzo/MyJob/GitProjects/mypdfsearch/build-aux/missing makeinfo'
MKDIR_P='/bin/mkdir -p'
OBJEXT='o'
PACKAGE='mypdfsearch'
PACKAGE_BUGREPORT='vincenzolocicero68@gmail.com'
PACKAGE_NAME='mypdfsearch'
PACKAGE_STRING='mypdfsearch 2.5.8'
PACKAGE_TARNAME='mypdfsearch'
PACKAGE_URL=''
PACKAGE_VERSION='2.5.8'
PATH_SEPARATOR=':'
RANLIB='ranlib'
SET_MAKE=''
SHELL='/bin/bash'
STRIP=''
VERSION='2.5.8'
ac_ct_CC='gcc'
am__EXEEXT_FALSE=''
am__EXEEXT_TRUE='#'
am__fastdepCC_FALSE='#'
am__fastdepCC_TRUE=''
am__include='include'
am__isrc=''
am__leading_dot='.'
am__nodep='_no'
am__quote=''
am__tar='$${TAR-tar} chof - "$$tardir"'
am__untar='$${TAR-tar} xf -'
bindir='${exec_prefix}/bin'
build_alias=''
datadir='${datarootdir}'
datarootdir='${prefix}/share'
docdir='${datarootdir}/doc/${PACKAGE_TARNAME}'
dvidir='${docdir}'
exec_prefix='${prefix}'
host_alias=''
htmldir='${docdir}'
includedir='${prefix}/include'
infodir='${datarootdir}/info'
install_sh='${SHELL} /home/vincenzo/MyJob/GitProjects/mypdfsearch/build-aux/install-sh'
libdir='${exec_prefix}/lib'
libexecdir='${exec_prefix}/libexec'
localedir='${datarootdir}/locale'
localstatedir='${prefix}/var'
mandir='${datarootdir}/man'
mkdir_p='$(MKDIR_P)'
oldincludedir='/usr/include'
pdfdir='${docdir}'
prefix='/usr/local'
program_transform_name='s,x,x,'
psdir='${docdir}'
runstatedir='${localstatedir}/run'
sbindir='${exec_prefix}/sbin'
sharedstatedir='${prefix}/com'
sysconfdir='${prefix}/etc'
target_alias=''

## ----------- ##
## confdefs.h. ##
## ----------- ##

/* confdefs.h */
#define PACKAGE_NAME "mypdfsearch"
#define PACKAGE_TARNAME "mypdfsearch"
#define PACKAGE_VERSION "2.5.8"
#define PACKAGE_STRING "mypdfsearch 2.5.8"
#define PACKAGE_BUGREPORT "vincenzolocicero68@gmail.com"
#define PACKAGE_URL ""
#define PACKAGE "mypdfsearch"
#define VERSION "2.5.8"
#define STDC_HEADERS 1
#define HAVE_SYS_TYPES_H 1
#define HAVE_SYS_STAT_H 1
#define HAVE_STDLIB_H 1
#define HAVE_STRING_H 1
#define HAVE_MEMORY_H 1
#define HAVE_STRINGS_H 1
#define HAVE_INTTYPES_H 1
#define HAVE_STDINT_H 1
#define HAVE_UNISTD_H 1
#define HAVE_STDLIB_H 1

configure: exit 0
